C:\USERS\DESIGNUNDSYSTEME\DOCUMENTS\VISUAL STUDIO 2012\PROJECTS\OF_V0073_VS2010_RELEASE\APPS\MYAPPS\130220_METAIO_VS2010_COPERION\OBJ\RELEASE\MAIN.OBJ
C:\USERS\DESIGNUNDSYSTEME\DOCUMENTS\VISUAL STUDIO 2012\PROJECTS\OF_V0073_VS2010_RELEASE\APPS\MYAPPS\130220_METAIO_VS2010_COPERION\OBJ\RELEASE\OFXASSIMPMODELLOADER.OBJ
C:\USERS\DESIGNUNDSYSTEME\DOCUMENTS\VISUAL STUDIO 2012\PROJECTS\OF_V0073_VS2010_RELEASE\APPS\MYAPPS\130220_METAIO_VS2010_COPERION\OBJ\RELEASE\CAMERAIMAGERENDERER.OBJ
C:\USERS\DESIGNUNDSYSTEME\DOCUMENTS\VISUAL STUDIO 2012\PROJECTS\OF_V0073_VS2010_RELEASE\APPS\MYAPPS\130220_METAIO_VS2010_COPERION\BIN\OFMETAIO.EXE
C:\USERS\DESIGNUNDSYSTEME\DOCUMENTS\VISUAL STUDIO 2012\PROJECTS\OF_V0073_VS2010_RELEASE\APPS\MYAPPS\130220_METAIO_VS2010_COPERION\OBJ\RELEASE\OFMETAIO.EXE.INTERMEDIATE.MANIFEST
C:\Users\DesignUndSysteme\Documents\Visual Studio 2012\Projects\of_v0073_vs2010_release\apps\myApps\130220_metaio_vs2010_coperion\bin\ofMetaio.lib
C:\Users\DesignUndSysteme\Documents\Visual Studio 2012\Projects\of_v0073_vs2010_release\apps\myApps\130220_metaio_vs2010_coperion\bin\ofMetaio.exp
C:\Users\DesignUndSysteme\Documents\Visual Studio 2012\Projects\of_v0073_vs2010_release\apps\myApps\130220_metaio_vs2010_coperion\obj\Release\CameraImageRenderer.obj
C:\Users\DesignUndSysteme\Documents\Visual Studio 2012\Projects\of_v0073_vs2010_release\apps\myApps\130220_metaio_vs2010_coperion\obj\Release\main.obj
C:\Users\DesignUndSysteme\Documents\Visual Studio 2012\Projects\of_v0073_vs2010_release\apps\myApps\130220_metaio_vs2010_coperion\obj\Release\ofxAssimpModelLoader.obj
C:\Users\DesignUndSysteme\Documents\Visual Studio 2012\Projects\of_v0073_vs2010_release\apps\myApps\130220_metaio_vs2010_coperion\obj\Release\testApp.obj
C:\Users\DesignUndSysteme\Documents\Visual Studio 2012\Projects\of_v0073_vs2010_release\apps\myApps\130220_metaio_vs2010_coperion\obj\Release\cl.command.1.tlog
C:\Users\DesignUndSysteme\Documents\Visual Studio 2012\Projects\of_v0073_vs2010_release\apps\myApps\130220_metaio_vs2010_coperion\obj\Release\CL.read.1.tlog
C:\Users\DesignUndSysteme\Documents\Visual Studio 2012\Projects\of_v0073_vs2010_release\apps\myApps\130220_metaio_vs2010_coperion\obj\Release\CL.write.1.tlog
C:\Users\DesignUndSysteme\Documents\Visual Studio 2012\Projects\of_v0073_vs2010_release\apps\myApps\130220_metaio_vs2010_coperion\obj\Release\link.command.1.tlog
C:\Users\DesignUndSysteme\Documents\Visual Studio 2012\Projects\of_v0073_vs2010_release\apps\myApps\130220_metaio_vs2010_coperion\obj\Release\link.read.1.tlog
C:\Users\DesignUndSysteme\Documents\Visual Studio 2012\Projects\of_v0073_vs2010_release\apps\myApps\130220_metaio_vs2010_coperion\obj\Release\link.write.1.tlog
C:\Users\DesignUndSysteme\Documents\Visual Studio 2012\Projects\of_v0073_vs2010_release\apps\myApps\130220_metaio_vs2010_coperion\obj\Release\mt.command.1.tlog
C:\Users\DesignUndSysteme\Documents\Visual Studio 2012\Projects\of_v0073_vs2010_release\apps\myApps\130220_metaio_vs2010_coperion\obj\Release\mt.read.1.tlog
C:\Users\DesignUndSysteme\Documents\Visual Studio 2012\Projects\of_v0073_vs2010_release\apps\myApps\130220_metaio_vs2010_coperion\obj\Release\mt.write.1.tlog
C:\Users\DesignUndSysteme\Documents\Visual Studio 2012\Projects\of_v0073_vs2010_release\apps\myApps\130220_metaio_vs2010_coperion\obj\Release\ofMetaio.write.1.tlog
C:\Users\DesignUndSysteme\Documents\Visual Studio 2012\Projects\of_v0073_vs2010_release\apps\myApps\130220_metaio_vs2010_coperion\obj\Release\ofMetaio.exe.intermediate.manifest
C:\Users\DesignUndSysteme\Documents\Visual Studio 2012\Projects\of_v0073_vs2010_release\apps\myApps\130220_metaio_vs2010_coperion\bin\ofMetaio.exe
