Build started 20.02.2013 15:56:48.
     1>Project "C:\Users\coperion\Documents\Visual Studio 2010\Projects\of_v0073_vs2010_release\apps\myApps\metaio_input\videoGrabberExample.vcxproj" on node 3 (build target(s)).
     1>InitializeBuildStatus:
         Creating "obj\Release\ofMetaio.unsuccessfulbuild" because "AlwaysCreate" was specified.
       ClCompile:
         All outputs are up-to-date.
         All outputs are up-to-date.
       Link:
         All outputs are up-to-date.
         videoGrabberExample.vcxproj -> C:\Users\coperion\Documents\Visual Studio 2010\Projects\of_v0073_vs2010_release\apps\myApps\metaio_input\bin\ofMetaio.exe
       PostBuildEvent:
         Description: adding DLLs and creating data folder
         xcopy /e /i /y "C:\Users\coperion\Documents\Visual Studio 2010\Projects\of_v0073_vs2010_release\apps\myApps\metaio_input\..\..\..\export\vs2010\*.dll" "C:\Users\coperion\Documents\Visual Studio 2010\Projects\of_v0073_vs2010_release\apps\myApps\metaio_input\bin"
         :VCEnd
         C:\Users\coperion\Documents\Visual Studio 2010\Projects\of_v0073_vs2010_release\apps\myApps\metaio_input\..\..\..\export\vs2010\Assimp32.dll
         C:\Users\coperion\Documents\Visual Studio 2010\Projects\of_v0073_vs2010_release\apps\myApps\metaio_input\..\..\..\export\vs2010\fmodex.dll
         C:\Users\coperion\Documents\Visual Studio 2010\Projects\of_v0073_vs2010_release\apps\myApps\metaio_input\..\..\..\export\vs2010\fmodexL.dll
         C:\Users\coperion\Documents\Visual Studio 2010\Projects\of_v0073_vs2010_release\apps\myApps\metaio_input\..\..\..\export\vs2010\FreeImage.dll
         C:\Users\coperion\Documents\Visual Studio 2010\Projects\of_v0073_vs2010_release\apps\myApps\metaio_input\..\..\..\export\vs2010\FreeType-6.dll
         C:\Users\coperion\Documents\Visual Studio 2010\Projects\of_v0073_vs2010_release\apps\myApps\metaio_input\..\..\..\export\vs2010\glut32.dll
         C:\Users\coperion\Documents\Visual Studio 2010\Projects\of_v0073_vs2010_release\apps\myApps\metaio_input\..\..\..\export\vs2010\Zlib.dll
         7 Datei(en) kopiert
       FinalizeBuildStatus:
         Deleting file "obj\Release\ofMetaio.unsuccessfulbuild".
         Touching "obj\Release\ofMetaio.lastbuildstate".
     1>Done Building Project "C:\Users\coperion\Documents\Visual Studio 2010\Projects\of_v0073_vs2010_release\apps\myApps\metaio_input\videoGrabberExample.vcxproj" (build target(s)).

Build succeeded.

Time Elapsed 00:00:00.09
