C:\USERS\PUBLIC\DOCUMENTS\OF_V0073_VS2010_RELEASE\APPS\MYAPPS\130103_METAIO_VS2010\BIN\VIDEOGRABBEREXAMPLE.EXE
C:\Users\Public\Documents\of_v0073_vs2010_release\apps\myApps\130103_metaio_vs2010\bin\videoGrabberExample.exp
C:\Users\Public\Documents\of_v0073_vs2010_release\apps\myApps\130103_metaio_vs2010\bin\videoGrabberExample.lib
C:\Users\Public\Documents\of_v0073_vs2010_release\apps\myApps\130103_metaio_vs2010\obj\Release\cl.command.1.tlog
C:\Users\Public\Documents\of_v0073_vs2010_release\apps\myApps\130103_metaio_vs2010\obj\Release\CL.read.1.tlog
C:\Users\Public\Documents\of_v0073_vs2010_release\apps\myApps\130103_metaio_vs2010\obj\Release\CL.write.1.tlog
C:\Users\Public\Documents\of_v0073_vs2010_release\apps\myApps\130103_metaio_vs2010\obj\Release\link.command.1.tlog
C:\Users\Public\Documents\of_v0073_vs2010_release\apps\myApps\130103_metaio_vs2010\obj\Release\link.read.1.tlog
C:\Users\Public\Documents\of_v0073_vs2010_release\apps\myApps\130103_metaio_vs2010\obj\Release\link.write.1.tlog
C:\USERS\PUBLIC\DOCUMENTS\OF_V0073_VS2010_RELEASE\APPS\MYAPPS\130103_METAIO_VS2010\OBJ\RELEASE\MAIN.OBJ
C:\Users\Public\Documents\of_v0073_vs2010_release\apps\myApps\130103_metaio_vs2010\obj\Release\mt.command.1.tlog
C:\Users\Public\Documents\of_v0073_vs2010_release\apps\myApps\130103_metaio_vs2010\obj\Release\mt.read.1.tlog
C:\Users\Public\Documents\of_v0073_vs2010_release\apps\myApps\130103_metaio_vs2010\obj\Release\mt.write.1.tlog
C:\Users\Public\Documents\of_v0073_vs2010_release\apps\myApps\130103_metaio_vs2010\obj\Release\ofxAssimpModelLoader.obj
C:\USERS\PUBLIC\DOCUMENTS\OF_V0073_VS2010_RELEASE\APPS\MYAPPS\130103_METAIO_VS2010\OBJ\RELEASE\TESTAPP.OBJ
C:\USERS\PUBLIC\DOCUMENTS\OF_V0073_VS2010_RELEASE\APPS\MYAPPS\130103_METAIO_VS2010\OBJ\RELEASE\VIDEOGRABBEREXAMPLE.EXE.INTERMEDIATE.MANIFEST
C:\Users\Public\Documents\of_v0073_vs2010_release\apps\myApps\130103_metaio_vs2010\obj\Release\videoGrabberExample.vcxprojResolveAssemblyReference.cache
C:\Users\Public\Documents\of_v0073_vs2010_release\apps\myApps\130103_metaio_vs2010\obj\Release\videoGrabberExample.write.1.tlog
C:\USERS\PUBLIC\DOCUMENTS\OF_V0073_VS2010_RELEASE\APPS\MYAPPS\METAIOTEST_VS2010\BIN\VIDEOGRABBEREXAMPLE.EXE
C:\Users\Public\Documents\of_v0073_vs2010_release\apps\myApps\metaiotest_vs2010\bin\videoGrabberExample.exp
C:\Users\Public\Documents\of_v0073_vs2010_release\apps\myApps\metaiotest_vs2010\bin\videoGrabberExample.lib
C:\USERS\PUBLIC\DOCUMENTS\OF_V0073_VS2010_RELEASE\APPS\MYAPPS\METAIOTEST_VS2010\OBJ\RELEASE\MAIN.OBJ
C:\USERS\PUBLIC\DOCUMENTS\OF_V0073_VS2010_RELEASE\APPS\MYAPPS\METAIOTEST_VS2010\OBJ\RELEASE\OFXASSIMPMODELLOADER.OBJ
C:\USERS\PUBLIC\DOCUMENTS\OF_V0073_VS2010_RELEASE\APPS\MYAPPS\METAIOTEST_VS2010\OBJ\RELEASE\TESTAPP.OBJ
C:\USERS\PUBLIC\DOCUMENTS\OF_V0073_VS2010_RELEASE\APPS\MYAPPS\METAIOTEST_VS2010\OBJ\RELEASE\VIDEOGRABBEREXAMPLE.EXE.INTERMEDIATE.MANIFEST
